2021-07-28 10:40:49.612  INFO [user-ws,,] 7772 --- [restartedMain] c.c.c.ConfigServicePropertySourceLocator : Fetching config from server at : http://localhost:8083
2021-07-28 10:40:50.412  INFO [user-ws,,] 7772 --- [restartedMain] c.c.c.ConfigServicePropertySourceLocator : Located environment: name=SpringConfigServer, profiles=[default], label=null, version=null, state=null
2021-07-28 10:40:50.414  INFO [user-ws,,] 7772 --- [restartedMain] b.c.PropertySourceBootstrapConfiguration : Located property source: [BootstrapPropertySource {name='bootstrapProperties-configClient'}, BootstrapPropertySource {name='bootstrapProperties-file:/home/synerzip/Documents/microservices/filebackend/application.properties'}]
2021-07-28 10:40:50.556  INFO [user-ws,,] 7772 --- [restartedMain] c.m.UsersApi.UsersApiApplication         : No active profile set, falling back to default profiles: default
2021-07-28 10:40:56.640  INFO [user-ws,,] 7772 --- [restartedMain] .s.d.r.c.RepositoryConfigurationDelegate : Bootstrapping Spring Data JPA repositories in DEFAULT mode.
2021-07-28 10:40:57.115  INFO [user-ws,,] 7772 --- [restartedMain] .s.d.r.c.RepositoryConfigurationDelegate : Finished Spring Data repository scanning in 455 ms. Found 1 JPA repository interfaces.
2021-07-28 10:40:59.160  INFO [user-ws,,] 7772 --- [restartedMain] o.s.cloud.context.scope.GenericScope     : BeanFactory id=b931de3b-819b-39dd-a638-abb0c72348be
2021-07-28 10:40:59.576  INFO [user-ws,,] 7772 --- [restartedMain] faultConfiguringBeanFactoryPostProcessor : No bean named 'errorChannel' has been explicitly defined. Therefore, a default PublishSubscribeChannel will be created.
2021-07-28 10:40:59.617  INFO [user-ws,,] 7772 --- [restartedMain] faultConfiguringBeanFactoryPostProcessor : No bean named 'integrationHeaderChannelRegistry' has been explicitly defined. Therefore, a default DefaultHeaderChannelRegistry will be created.
2021-07-28 10:41:00.887  INFO [user-ws,,] 7772 --- [restartedMain] trationDelegate$BeanPostProcessorChecker : Bean 'org.springframework.cloud.stream.config.BindersHealthIndicatorAutoConfiguration' of type [org.springframework.cloud.stream.config.BindersHealthIndicatorAutoConfiguration] is not eligible for getting processed by all BeanPostProcessors (for example: not eligible for auto-proxying)
2021-07-28 10:41:00.902  INFO [user-ws,,] 7772 --- [restartedMain] trationDelegate$BeanPostProcessorChecker : Bean 'bindersHealthContributor' of type [org.springframework.cloud.stream.config.BindersHealthIndicatorAutoConfiguration$BindersHealthContributor] is not eligible for getting processed by all BeanPostProcessors (for example: not eligible for auto-proxying)
2021-07-28 10:41:00.935  INFO [user-ws,,] 7772 --- [restartedMain] trationDelegate$BeanPostProcessorChecker : Bean 'bindersHealthIndicatorListener' of type [org.springframework.cloud.stream.config.BindersHealthIndicatorAutoConfiguration$BindersHealthIndicatorListener] is not eligible for getting processed by all BeanPostProcessors (for example: not eligible for auto-proxying)
2021-07-28 10:41:01.017  INFO [user-ws,,] 7772 --- [restartedMain] trationDelegate$BeanPostProcessorChecker : Bean 'org.springframework.integration.config.IntegrationManagementConfiguration' of type [org.springframework.integration.config.IntegrationManagementConfiguration] is not eligible for getting processed by all BeanPostProcessors (for example: not eligible for auto-proxying)
2021-07-28 10:41:01.065  INFO [user-ws,,] 7772 --- [restartedMain] trationDelegate$BeanPostProcessorChecker : Bean 'org.springframework.boot.autoconfigure.integration.IntegrationAutoConfiguration$IntegrationJmxConfiguration' of type [org.springframework.boot.autoconfigure.integration.IntegrationAutoConfiguration$IntegrationJmxConfiguration] is not eligible for getting processed by all BeanPostProcessors (for example: not eligible for auto-proxying)
2021-07-28 10:41:01.095  INFO [user-ws,,] 7772 --- [restartedMain] trationDelegate$BeanPostProcessorChecker : Bean 'org.springframework.boot.autoconfigure.jmx.JmxAutoConfiguration' of type [org.springframework.boot.autoconfigure.jmx.JmxAutoConfiguration] is not eligible for getting processed by all BeanPostProcessors (for example: not eligible for auto-proxying)
2021-07-28 10:41:01.132  INFO [user-ws,,] 7772 --- [restartedMain] trationDelegate$BeanPostProcessorChecker : Bean 'mbeanServer' of type [com.sun.jmx.mbeanserver.JmxMBeanServer] is not eligible for getting processed by all BeanPostProcessors (for example: not eligible for auto-proxying)
2021-07-28 10:41:01.336  INFO [user-ws,,] 7772 --- [restartedMain] trationDelegate$BeanPostProcessorChecker : Bean 'integrationChannelResolver' of type [org.springframework.integration.support.channel.BeanFactoryChannelResolver] is not eligible for getting processed by all BeanPostProcessors (for example: not eligible for auto-proxying)
2021-07-28 10:41:01.358  INFO [user-ws,,] 7772 --- [restartedMain] trationDelegate$BeanPostProcessorChecker : Bean 'integrationDisposableAutoCreatedBeans' of type [org.springframework.integration.config.annotation.Disposables] is not eligible for getting processed by all BeanPostProcessors (for example: not eligible for auto-proxying)
2021-07-28 10:41:03.717  INFO [user-ws,,] 7772 --- [restartedMain] o.s.b.w.embedded.tomcat.TomcatWebServer  : Tomcat initialized with port(s): 0 (http)
2021-07-28 10:41:03.740  INFO [user-ws,,] 7772 --- [restartedMain] o.apache.catalina.core.StandardService   : Starting service [Tomcat]
2021-07-28 10:41:03.741  INFO [user-ws,,] 7772 --- [restartedMain] org.apache.catalina.core.StandardEngine  : Starting Servlet engine: [Apache Tomcat/9.0.48]
2021-07-28 10:41:04.110  INFO [user-ws,,] 7772 --- [restartedMain] o.a.c.c.C.[Tomcat].[localhost].[/]       : Initializing Spring embedded WebApplicationContext
2021-07-28 10:41:04.111  INFO [user-ws,,] 7772 --- [restartedMain] w.s.c.ServletWebServerApplicationContext : Root WebApplicationContext: initialization completed in 13288 ms
2021-07-28 10:41:06.398  WARN [user-ws,,] 7772 --- [restartedMain] o.s.c.s.a.z.ZipkinAutoConfiguration      : Check result of the [RestTemplateSender{http://localhost:9411/api/v2/spans}] contains an error [CheckResult{ok=false, error=org.springframework.web.client.ResourceAccessException: I/O error on POST request for "http://localhost:9411/api/v2/spans": Connection refused; nested exception is java.net.ConnectException: Connection refused}]
2021-07-28 10:41:09.871  INFO [user-ws,,] 7772 --- [restartedMain] o.hibernate.jpa.internal.util.LogHelper  : HHH000204: Processing PersistenceUnitInfo [name: default]
2021-07-28 10:41:09.946  INFO [user-ws,,] 7772 --- [restartedMain] org.hibernate.Version                    : HHH000412: Hibernate ORM core version 5.4.32.Final
2021-07-28 10:41:10.187  INFO [user-ws,,] 7772 --- [restartedMain] o.hibernate.annotations.common.Version   : HCANN000001: Hibernate Commons Annotations {5.1.2.Final}
2021-07-28 10:41:10.442  INFO [user-ws,,] 7772 --- [restartedMain] com.zaxxer.hikari.HikariDataSource       : updatestudentapi - Starting...
2021-07-28 10:41:11.086  INFO [user-ws,,] 7772 --- [restartedMain] com.zaxxer.hikari.HikariDataSource       : updatestudentapi - Start completed.
2021-07-28 10:41:11.119  INFO [user-ws,,] 7772 --- [restartedMain] org.hibernate.dialect.Dialect            : HHH000400: Using dialect: org.hibernate.dialect.MySQL8Dialect
2021-07-28 10:41:12.389  INFO [user-ws,,] 7772 --- [restartedMain] o.h.e.t.j.p.i.JtaPlatformInitiator       : HHH000490: Using JtaPlatform implementation: [org.hibernate.engine.transaction.jta.platform.internal.NoJtaPlatform]
2021-07-28 10:41:12.405  INFO [user-ws,,] 7772 --- [restartedMain] j.LocalContainerEntityManagerFactoryBean : Initialized JPA EntityManagerFactory for persistence unit 'default'
2021-07-28 10:41:12.678  WARN [user-ws,,] 7772 --- [restartedMain] JpaBaseConfiguration$JpaWebConfiguration : spring.jpa.open-in-view is enabled by default. Therefore, database queries may be performed during view rendering. Explicitly configure spring.jpa.open-in-view to disable this warning
2021-07-28 10:41:12.903  WARN [user-ws,,] 7772 --- [restartedMain] o.s.b.d.a.OptionalLiveReloadServer       : Unable to start LiveReload server
2021-07-28 10:41:12.977  WARN [user-ws,,] 7772 --- [restartedMain] o.s.c.openfeign.FeignClientFactoryBean   : The provided URL is empty. Will try picking an instance via load-balancing.
2021-07-28 10:41:14.555  INFO [user-ws,,] 7772 --- [restartedMain] o.s.s.web.DefaultSecurityFilterChain     : Will secure any request with [org.springframework.security.web.context.request.async.WebAsyncManagerIntegrationFilter@228b4c1b, org.springframework.security.web.context.SecurityContextPersistenceFilter@4841a0da, org.springframework.security.web.header.HeaderWriterFilter@590eadb6, org.springframework.security.web.authentication.logout.LogoutFilter@5bc3d047, com.microservices.UsersApi.security.AuthenticationFilter@19a7baf2, org.springframework.security.web.savedrequest.RequestCacheAwareFilter@26a9cf1c, org.springframework.security.web.servletapi.SecurityContextHolderAwareRequestFilter@7463a55, org.springframework.security.web.authentication.AnonymousAuthenticationFilter@72630eec, org.springframework.security.web.session.SessionManagementFilter@65a1ae71, org.springframework.security.web.access.ExceptionTranslationFilter@58e86323, org.springframework.security.web.access.intercept.FilterSecurityInterceptor@4ebbe632]
2021-07-28 10:41:16.220  INFO [user-ws,,] 7772 --- [restartedMain] o.s.c.s.m.DirectWithAttributesChannel    : Channel 'application-1.springCloudBusInput' has 1 subscriber(s).
2021-07-28 10:41:16.964  INFO [user-ws,,] 7772 --- [restartedMain] DiscoveryClientOptionalArgsConfiguration : Eureka HTTP Client uses RestTemplate.
2021-07-28 10:41:17.336  WARN [user-ws,,] 7772 --- [restartedMain] iguration$LoadBalancerCaffeineWarnLogger : Spring Cloud LoadBalancer is currently working with the default cache. You can switch to using Caffeine cache, by adding it and org.springframework.cache.caffeine.CaffeineCacheManager to the classpath.
2021-07-28 10:41:17.552  INFO [user-ws,,] 7772 --- [restartedMain] o.s.b.a.e.web.EndpointLinksResolver      : Exposing 1 endpoint(s) beneath base path '/actuator'
2021-07-28 10:41:18.054  INFO [user-ws,,] 7772 --- [restartedMain] o.s.i.monitor.IntegrationMBeanExporter   : Registering MessageChannel errorChannel
2021-07-28 10:41:18.132  INFO [user-ws,,] 7772 --- [restartedMain] o.s.i.monitor.IntegrationMBeanExporter   : Registering MessageChannel springCloudBusInput
2021-07-28 10:41:18.174  INFO [user-ws,,] 7772 --- [restartedMain] o.s.i.monitor.IntegrationMBeanExporter   : Registering MessageChannel nullChannel
2021-07-28 10:41:18.206  INFO [user-ws,,] 7772 --- [restartedMain] o.s.i.monitor.IntegrationMBeanExporter   : Registering MessageHandler _org.springframework.integration.errorLogger
2021-07-28 10:41:18.346  INFO [user-ws,,] 7772 --- [restartedMain] o.s.i.endpoint.EventDrivenConsumer       : Adding {logging-channel-adapter:_org.springframework.integration.errorLogger} as a subscriber to the 'errorChannel' channel
2021-07-28 10:41:18.347  INFO [user-ws,,] 7772 --- [restartedMain] o.s.i.channel.PublishSubscribeChannel    : Channel 'application-1.errorChannel' has 1 subscriber(s).
2021-07-28 10:41:18.349  INFO [user-ws,,] 7772 --- [restartedMain] o.s.i.endpoint.EventDrivenConsumer       : started bean '_org.springframework.integration.errorLogger'
2021-07-28 10:41:18.369  INFO [user-ws,,] 7772 --- [restartedMain] o.s.c.s.binder.DefaultBinderFactory      : Creating binder: rabbit
2021-07-28 10:41:18.530  INFO [user-ws,,] 7772 --- [restartedMain] o.s.c.s.binder.DefaultBinderFactory      : Caching the binder: rabbit
2021-07-28 10:41:18.530  INFO [user-ws,,] 7772 --- [restartedMain] o.s.c.s.binder.DefaultBinderFactory      : Retrieving cached binder: rabbit
2021-07-28 10:41:18.805  INFO [user-ws,,] 7772 --- [restartedMain] c.s.b.r.p.RabbitExchangeQueueProvisioner : declaring queue for inbound: springCloudBus.anonymous.Q1a1FIkHSdaNvbmaPCHyLg, bound to: springCloudBus
2021-07-28 10:41:18.813  INFO [user-ws,,] 7772 --- [restartedMain] o.s.a.r.c.CachingConnectionFactory       : Attempting to connect to: [localhost:5672]
2021-07-28 10:41:18.909  INFO [user-ws,,] 7772 --- [restartedMain] o.s.a.r.c.CachingConnectionFactory       : Created new connection: rabbitConnectionFactory#6264e8f0:0/SimpleConnection@7b23283a [delegate=amqp://guest@127.0.0.1:5672/, localPort= 37392]
2021-07-28 10:41:19.031  INFO [user-ws,,] 7772 --- [restartedMain] o.s.c.stream.binder.BinderErrorChannel   : Channel 'springCloudBus.anonymous.Q1a1FIkHSdaNvbmaPCHyLg.errors' has 1 subscriber(s).
2021-07-28 10:41:19.032  INFO [user-ws,,] 7772 --- [restartedMain] o.s.c.stream.binder.BinderErrorChannel   : Channel 'springCloudBus.anonymous.Q1a1FIkHSdaNvbmaPCHyLg.errors' has 2 subscriber(s).
2021-07-28 10:41:19.064  INFO [user-ws,,] 7772 --- [restartedMain] o.s.i.a.i.AmqpInboundChannelAdapter      : started bean 'inbound.springCloudBus.anonymous.Q1a1FIkHSdaNvbmaPCHyLg'
2021-07-28 10:41:19.094  INFO [user-ws,,] 7772 --- [restartedMain] o.s.b.w.embedded.tomcat.TomcatWebServer  : Tomcat started on port(s): 40133 (http) with context path ''
2021-07-28 10:41:19.096  INFO [user-ws,,] 7772 --- [restartedMain] .s.c.n.e.s.EurekaAutoServiceRegistration : Updating port to 40133
2021-07-28 10:41:19.106  INFO [user-ws,,] 7772 --- [restartedMain] o.s.c.n.eureka.InstanceInfoFactory       : Setting initial instance status as: STARTING
2021-07-28 10:41:19.241  INFO [user-ws,,] 7772 --- [restartedMain] com.netflix.discovery.DiscoveryClient    : Initializing Eureka in region us-east-1
2021-07-28 10:41:19.251  INFO [user-ws,,] 7772 --- [restartedMain] c.n.d.s.r.aws.ConfigClusterResolver      : Resolving eureka endpoints via configuration
2021-07-28 10:41:19.483  INFO [user-ws,,] 7772 --- [restartedMain] com.netflix.discovery.DiscoveryClient    : Disable delta property : false
2021-07-28 10:41:19.484  INFO [user-ws,,] 7772 --- [restartedMain] com.netflix.discovery.DiscoveryClient    : Single vip registry refresh property : null
2021-07-28 10:41:19.485  INFO [user-ws,,] 7772 --- [restartedMain] com.netflix.discovery.DiscoveryClient    : Force full registry fetch : false
2021-07-28 10:41:19.487  INFO [user-ws,,] 7772 --- [restartedMain] com.netflix.discovery.DiscoveryClient    : Application is null : false
2021-07-28 10:41:19.488  INFO [user-ws,,] 7772 --- [restartedMain] com.netflix.discovery.DiscoveryClient    : Registered Applications size is zero : true
2021-07-28 10:41:19.488  INFO [user-ws,,] 7772 --- [restartedMain] com.netflix.discovery.DiscoveryClient    : Application version is -1: true
2021-07-28 10:41:19.488  INFO [user-ws,,] 7772 --- [restartedMain] com.netflix.discovery.DiscoveryClient    : Getting all instance registry info from the eureka server
2021-07-28 10:41:19.874  INFO [user-ws,,] 7772 --- [restartedMain] com.netflix.discovery.DiscoveryClient    : The response status is 200
2021-07-28 10:41:19.885  INFO [user-ws,,] 7772 --- [restartedMain] com.netflix.discovery.DiscoveryClient    : Starting heartbeat executor: renew interval is: 30
2021-07-28 10:41:19.894  INFO [user-ws,,] 7772 --- [restartedMain] c.n.discovery.InstanceInfoReplicator     : InstanceInfoReplicator onDemand update allowed rate per min is 4
2021-07-28 10:41:19.920  INFO [user-ws,,] 7772 --- [restartedMain] com.netflix.discovery.DiscoveryClient    : Discovery Client initialized at timestamp 1627449079915 with initial instances count: 0
2021-07-28 10:41:19.994  INFO [user-ws,,] 7772 --- [restartedMain] o.s.c.n.e.s.EurekaServiceRegistry        : Registering application USER-WS with eureka with status UP
2021-07-28 10:41:19.996  INFO [user-ws,,] 7772 --- [restartedMain] com.netflix.discovery.DiscoveryClient    : Saw local status change event StatusChangeEvent [timestamp=1627449079996, current=UP, previous=STARTING]
2021-07-28 10:41:20.003  INFO [user-ws,,] 7772 --- [DiscoveryClient-InstanceInfoReplicator-0] com.netflix.discovery.DiscoveryClient    : DiscoveryClient_USER-WS/user-ws:e182d52c11eeee7807bdfdd159d0dfa4: registering service...
2021-07-28 10:41:20.172  INFO [user-ws,,] 7772 --- [restartedMain] o.s.i.monitor.IntegrationMBeanExporter   : Registering MessageChannel springCloudBus.anonymous.Q1a1FIkHSdaNvbmaPCHyLg.errors
2021-07-28 10:41:20.205  INFO [user-ws,,] 7772 --- [DiscoveryClient-InstanceInfoReplicator-0] com.netflix.discovery.DiscoveryClient    : DiscoveryClient_USER-WS/user-ws:e182d52c11eeee7807bdfdd159d0dfa4 - registration status: 204
2021-07-28 10:41:20.420  INFO [user-ws,,] 7772 --- [restartedMain] c.m.UsersApi.UsersApiApplication         : Started UsersApiApplication in 37.957 seconds (JVM running for 41.31)
2021-07-28 10:41:49.887  INFO [user-ws,,] 7772 --- [DiscoveryClient-CacheRefreshExecutor-0] com.netflix.discovery.DiscoveryClient    : Disable delta property : false
2021-07-28 10:41:49.887  INFO [user-ws,,] 7772 --- [DiscoveryClient-CacheRefreshExecutor-0] com.netflix.discovery.DiscoveryClient    : Single vip registry refresh property : null
2021-07-28 10:41:49.888  INFO [user-ws,,] 7772 --- [DiscoveryClient-CacheRefreshExecutor-0] com.netflix.discovery.DiscoveryClient    : Force full registry fetch : false
2021-07-28 10:41:49.888  INFO [user-ws,,] 7772 --- [DiscoveryClient-CacheRefreshExecutor-0] com.netflix.discovery.DiscoveryClient    : Application is null : false
2021-07-28 10:41:49.888  INFO [user-ws,,] 7772 --- [DiscoveryClient-CacheRefreshExecutor-0] com.netflix.discovery.DiscoveryClient    : Registered Applications size is zero : true
2021-07-28 10:41:49.888  INFO [user-ws,,] 7772 --- [DiscoveryClient-CacheRefreshExecutor-0] com.netflix.discovery.DiscoveryClient    : Application version is -1: false
2021-07-28 10:41:49.889  INFO [user-ws,,] 7772 --- [DiscoveryClient-CacheRefreshExecutor-0] com.netflix.discovery.DiscoveryClient    : Getting all instance registry info from the eureka server
2021-07-28 10:41:49.911  INFO [user-ws,,] 7772 --- [DiscoveryClient-CacheRefreshExecutor-0] com.netflix.discovery.DiscoveryClient    : The response status is 200
2021-07-28 10:46:19.495  INFO [user-ws,,] 7772 --- [AsyncResolver-bootstrap-executor-0] c.n.d.s.r.aws.ConfigClusterResolver      : Resolving eureka endpoints via configuration
2021-07-28 10:51:19.496  INFO [user-ws,,] 7772 --- [AsyncResolver-bootstrap-executor-0] c.n.d.s.r.aws.ConfigClusterResolver      : Resolving eureka endpoints via configuration
2021-07-28 10:56:19.497  INFO [user-ws,,] 7772 --- [AsyncResolver-bootstrap-executor-0] c.n.d.s.r.aws.ConfigClusterResolver      : Resolving eureka endpoints via configuration
2021-07-28 11:01:19.515  INFO [user-ws,,] 7772 --- [AsyncResolver-bootstrap-executor-0] c.n.d.s.r.aws.ConfigClusterResolver      : Resolving eureka endpoints via configuration
2021-07-28 11:06:19.515  INFO [user-ws,,] 7772 --- [AsyncResolver-bootstrap-executor-0] c.n.d.s.r.aws.ConfigClusterResolver      : Resolving eureka endpoints via configuration
2021-07-28 11:11:19.534  INFO [user-ws,,] 7772 --- [AsyncResolver-bootstrap-executor-0] c.n.d.s.r.aws.ConfigClusterResolver      : Resolving eureka endpoints via configuration
2021-07-28 11:16:19.535  INFO [user-ws,,] 7772 --- [AsyncResolver-bootstrap-executor-0] c.n.d.s.r.aws.ConfigClusterResolver      : Resolving eureka endpoints via configuration
2021-07-28 11:21:19.577  INFO [user-ws,,] 7772 --- [AsyncResolver-bootstrap-executor-0] c.n.d.s.r.aws.ConfigClusterResolver      : Resolving eureka endpoints via configuration
2021-07-28 11:26:19.726  INFO [user-ws,,] 7772 --- [AsyncResolver-bootstrap-executor-0] c.n.d.s.r.aws.ConfigClusterResolver      : Resolving eureka endpoints via configuration
2021-07-28 11:31:19.752  INFO [user-ws,,] 7772 --- [AsyncResolver-bootstrap-executor-0] c.n.d.s.r.aws.ConfigClusterResolver      : Resolving eureka endpoints via configuration
2021-07-28 11:36:19.754  INFO [user-ws,,] 7772 --- [AsyncResolver-bootstrap-executor-0] c.n.d.s.r.aws.ConfigClusterResolver      : Resolving eureka endpoints via configuration
2021-07-28 11:41:19.755  INFO [user-ws,,] 7772 --- [AsyncResolver-bootstrap-executor-0] c.n.d.s.r.aws.ConfigClusterResolver      : Resolving eureka endpoints via configuration
2021-07-28 11:46:19.756  INFO [user-ws,,] 7772 --- [AsyncResolver-bootstrap-executor-0] c.n.d.s.r.aws.ConfigClusterResolver      : Resolving eureka endpoints via configuration
2021-07-28 11:51:19.757  INFO [user-ws,,] 7772 --- [AsyncResolver-bootstrap-executor-0] c.n.d.s.r.aws.ConfigClusterResolver      : Resolving eureka endpoints via configuration
2021-07-28 11:56:19.758  INFO [user-ws,,] 7772 --- [AsyncResolver-bootstrap-executor-0] c.n.d.s.r.aws.ConfigClusterResolver      : Resolving eureka endpoints via configuration
2021-07-28 12:01:19.759  INFO [user-ws,,] 7772 --- [AsyncResolver-bootstrap-executor-0] c.n.d.s.r.aws.ConfigClusterResolver      : Resolving eureka endpoints via configuration
2021-07-28 12:06:19.760  INFO [user-ws,,] 7772 --- [AsyncResolver-bootstrap-executor-0] c.n.d.s.r.aws.ConfigClusterResolver      : Resolving eureka endpoints via configuration
2021-07-28 12:11:19.761  INFO [user-ws,,] 7772 --- [AsyncResolver-bootstrap-executor-0] c.n.d.s.r.aws.ConfigClusterResolver      : Resolving eureka endpoints via configuration
2021-07-28 12:16:19.762  INFO [user-ws,,] 7772 --- [AsyncResolver-bootstrap-executor-0] c.n.d.s.r.aws.ConfigClusterResolver      : Resolving eureka endpoints via configuration
2021-07-28 12:21:19.763  INFO [user-ws,,] 7772 --- [AsyncResolver-bootstrap-executor-0] c.n.d.s.r.aws.ConfigClusterResolver      : Resolving eureka endpoints via configuration
2021-07-28 12:26:19.764  INFO [user-ws,,] 7772 --- [AsyncResolver-bootstrap-executor-0] c.n.d.s.r.aws.ConfigClusterResolver      : Resolving eureka endpoints via configuration
2021-07-28 12:31:19.765  INFO [user-ws,,] 7772 --- [AsyncResolver-bootstrap-executor-0] c.n.d.s.r.aws.ConfigClusterResolver      : Resolving eureka endpoints via configuration
2021-07-28 12:36:19.766  INFO [user-ws,,] 7772 --- [AsyncResolver-bootstrap-executor-0] c.n.d.s.r.aws.ConfigClusterResolver      : Resolving eureka endpoints via configuration
2021-07-28 12:41:19.768  INFO [user-ws,,] 7772 --- [AsyncResolver-bootstrap-executor-0] c.n.d.s.r.aws.ConfigClusterResolver      : Resolving eureka endpoints via configuration
2021-07-28 12:46:19.769  INFO [user-ws,,] 7772 --- [AsyncResolver-bootstrap-executor-0] c.n.d.s.r.aws.ConfigClusterResolver      : Resolving eureka endpoints via configuration
2021-07-28 12:51:19.797  INFO [user-ws,,] 7772 --- [AsyncResolver-bootstrap-executor-0] c.n.d.s.r.aws.ConfigClusterResolver      : Resolving eureka endpoints via configuration
2021-07-28 12:56:19.798  INFO [user-ws,,] 7772 --- [AsyncResolver-bootstrap-executor-0] c.n.d.s.r.aws.ConfigClusterResolver      : Resolving eureka endpoints via configuration
2021-07-28 13:01:19.828  INFO [user-ws,,] 7772 --- [AsyncResolver-bootstrap-executor-0] c.n.d.s.r.aws.ConfigClusterResolver      : Resolving eureka endpoints via configuration
2021-07-28 13:06:19.829  INFO [user-ws,,] 7772 --- [AsyncResolver-bootstrap-executor-0] c.n.d.s.r.aws.ConfigClusterResolver      : Resolving eureka endpoints via configuration
2021-07-28 13:11:19.863  INFO [user-ws,,] 7772 --- [AsyncResolver-bootstrap-executor-0] c.n.d.s.r.aws.ConfigClusterResolver      : Resolving eureka endpoints via configuration
2021-07-28 13:16:19.909  INFO [user-ws,,] 7772 --- [AsyncResolver-bootstrap-executor-0] c.n.d.s.r.aws.ConfigClusterResolver      : Resolving eureka endpoints via configuration
2021-07-28 13:21:19.910  INFO [user-ws,,] 7772 --- [AsyncResolver-bootstrap-executor-0] c.n.d.s.r.aws.ConfigClusterResolver      : Resolving eureka endpoints via configuration
2021-07-28 13:26:19.943  INFO [user-ws,,] 7772 --- [AsyncResolver-bootstrap-executor-0] c.n.d.s.r.aws.ConfigClusterResolver      : Resolving eureka endpoints via configuration
2021-07-28 13:31:19.944  INFO [user-ws,,] 7772 --- [AsyncResolver-bootstrap-executor-0] c.n.d.s.r.aws.ConfigClusterResolver      : Resolving eureka endpoints via configuration
2021-07-28 13:36:20.025  INFO [user-ws,,] 7772 --- [AsyncResolver-bootstrap-executor-0] c.n.d.s.r.aws.ConfigClusterResolver      : Resolving eureka endpoints via configuration
2021-07-28 13:41:20.026  INFO [user-ws,,] 7772 --- [AsyncResolver-bootstrap-executor-0] c.n.d.s.r.aws.ConfigClusterResolver      : Resolving eureka endpoints via configuration
2021-07-28 13:46:20.028  INFO [user-ws,,] 7772 --- [AsyncResolver-bootstrap-executor-0] c.n.d.s.r.aws.ConfigClusterResolver      : Resolving eureka endpoints via configuration
2021-07-28 13:51:20.071  INFO [user-ws,,] 7772 --- [AsyncResolver-bootstrap-executor-0] c.n.d.s.r.aws.ConfigClusterResolver      : Resolving eureka endpoints via configuration
2021-07-28 13:56:20.127  INFO [user-ws,,] 7772 --- [AsyncResolver-bootstrap-executor-0] c.n.d.s.r.aws.ConfigClusterResolver      : Resolving eureka endpoints via configuration
2021-07-28 14:01:20.166  INFO [user-ws,,] 7772 --- [AsyncResolver-bootstrap-executor-0] c.n.d.s.r.aws.ConfigClusterResolver      : Resolving eureka endpoints via configuration
2021-07-28 14:06:20.168  INFO [user-ws,,] 7772 --- [AsyncResolver-bootstrap-executor-0] c.n.d.s.r.aws.ConfigClusterResolver      : Resolving eureka endpoints via configuration
2021-07-28 14:11:20.168  INFO [user-ws,,] 7772 --- [AsyncResolver-bootstrap-executor-0] c.n.d.s.r.aws.ConfigClusterResolver      : Resolving eureka endpoints via configuration
2021-07-28 14:16:20.211  INFO [user-ws,,] 7772 --- [AsyncResolver-bootstrap-executor-0] c.n.d.s.r.aws.ConfigClusterResolver      : Resolving eureka endpoints via configuration
2021-07-28 14:21:20.230  INFO [user-ws,,] 7772 --- [AsyncResolver-bootstrap-executor-0] c.n.d.s.r.aws.ConfigClusterResolver      : Resolving eureka endpoints via configuration
2021-07-28 14:26:20.257  INFO [user-ws,,] 7772 --- [AsyncResolver-bootstrap-executor-0] c.n.d.s.r.aws.ConfigClusterResolver      : Resolving eureka endpoints via configuration
2021-07-28 14:31:20.258  INFO [user-ws,,] 7772 --- [AsyncResolver-bootstrap-executor-0] c.n.d.s.r.aws.ConfigClusterResolver      : Resolving eureka endpoints via configuration
2021-07-28 14:36:20.259  INFO [user-ws,,] 7772 --- [AsyncResolver-bootstrap-executor-0] c.n.d.s.r.aws.ConfigClusterResolver      : Resolving eureka endpoints via configuration
2021-07-28 14:36:47.183  INFO [user-ws,,] 7772 --- [RMI TCP Connection(294)-127.0.0.1] inMXBeanRegistrar$SpringApplicationAdmin : Application shutdown requested.
2021-07-28 14:36:47.185  INFO [user-ws,,] 7772 --- [RMI TCP Connection(294)-127.0.0.1] o.s.c.n.e.s.EurekaServiceRegistry        : Unregistering application USER-WS with eureka with status DOWN
2021-07-28 14:36:47.185  INFO [user-ws,,] 7772 --- [RMI TCP Connection(294)-127.0.0.1] com.netflix.discovery.DiscoveryClient    : Saw local status change event StatusChangeEvent [timestamp=1627463207185, current=DOWN, previous=UP]
2021-07-28 14:36:47.185  INFO [user-ws,,] 7772 --- [DiscoveryClient-InstanceInfoReplicator-0] com.netflix.discovery.DiscoveryClient    : DiscoveryClient_USER-WS/user-ws:e182d52c11eeee7807bdfdd159d0dfa4: registering service...
2021-07-28 14:36:47.193  INFO [user-ws,,] 7772 --- [DiscoveryClient-InstanceInfoReplicator-0] com.netflix.discovery.DiscoveryClient    : DiscoveryClient_USER-WS/user-ws:e182d52c11eeee7807bdfdd159d0dfa4 - registration status: 204
2021-07-28 14:36:47.325  INFO [user-ws,,] 7772 --- [RMI TCP Connection(294)-127.0.0.1] o.apache.catalina.core.StandardService   : Stopping service [Tomcat]
2021-07-28 14:36:47.360  WARN [user-ws,,] 7772 --- [RMI TCP Connection(294)-127.0.0.1] o.a.c.loader.WebappClassLoaderBase       : The web application [ROOT] appears to have started a thread named [spring.cloud.inetutils] but has failed to stop it. This is very likely to create a memory leak. Stack trace of thread:
 java.base@16.0.1/jdk.internal.misc.Unsafe.park(Native Method)
 java.base@16.0.1/java.util.concurrent.locks.LockSupport.park(LockSupport.java:341)
 java.base@16.0.1/java.util.concurrent.locks.AbstractQueuedSynchronizer$ConditionNode.block(AbstractQueuedSynchronizer.java:505)
 java.base@16.0.1/java.util.concurrent.ForkJoinPool.managedBlock(ForkJoinPool.java:3137)
 java.base@16.0.1/java.util.concurrent.locks.AbstractQueuedSynchronizer$ConditionObject.await(AbstractQueuedSynchronizer.java:1614)
 java.base@16.0.1/java.util.concurrent.LinkedBlockingQueue.take(LinkedBlockingQueue.java:435)
 java.base@16.0.1/java.util.concurrent.ThreadPoolExecutor.getTask(ThreadPoolExecutor.java:1056)
 java.base@16.0.1/java.util.concurrent.ThreadPoolExecutor.runWorker(ThreadPoolExecutor.java:1116)
 java.base@16.0.1/java.util.concurrent.ThreadPoolExecutor$Worker.run(ThreadPoolExecutor.java:630)
 java.base@16.0.1/java.lang.Thread.run(Thread.java:831)
2021-07-28 14:36:48.872  INFO [user-ws,,] 7772 --- [RMI TCP Connection(294)-127.0.0.1] o.s.a.r.l.SimpleMessageListenerContainer : Waiting for workers to finish.
2021-07-28 14:36:49.137  INFO [user-ws,,] 7772 --- [RMI TCP Connection(294)-127.0.0.1] o.s.a.r.l.SimpleMessageListenerContainer : Successfully waited for workers to finish.
2021-07-28 14:36:49.138  INFO [user-ws,,] 7772 --- [RMI TCP Connection(294)-127.0.0.1] o.s.i.a.i.AmqpInboundChannelAdapter      : stopped bean 'inbound.springCloudBus.anonymous.Q1a1FIkHSdaNvbmaPCHyLg'
2021-07-28 14:36:49.172  INFO [user-ws,,] 7772 --- [RMI TCP Connection(294)-127.0.0.1] o.s.c.stream.binder.BinderErrorChannel   : Channel 'application-1.springCloudBus.anonymous.Q1a1FIkHSdaNvbmaPCHyLg.errors' has 1 subscriber(s).
2021-07-28 14:36:49.173  INFO [user-ws,,] 7772 --- [RMI TCP Connection(294)-127.0.0.1] o.s.c.stream.binder.BinderErrorChannel   : Channel 'application-1.springCloudBus.anonymous.Q1a1FIkHSdaNvbmaPCHyLg.errors' has 0 subscriber(s).
2021-07-28 14:36:49.177  INFO [user-ws,,] 7772 --- [RMI TCP Connection(294)-127.0.0.1] o.s.i.endpoint.EventDrivenConsumer       : Removing {logging-channel-adapter:_org.springframework.integration.errorLogger} as a subscriber to the 'errorChannel' channel
2021-07-28 14:36:49.177  INFO [user-ws,,] 7772 --- [RMI TCP Connection(294)-127.0.0.1] o.s.i.channel.PublishSubscribeChannel    : Channel 'application-1.errorChannel' has 0 subscriber(s).
2021-07-28 14:36:49.178  INFO [user-ws,,] 7772 --- [RMI TCP Connection(294)-127.0.0.1] o.s.i.endpoint.EventDrivenConsumer       : stopped bean '_org.springframework.integration.errorLogger'
2021-07-28 14:36:49.207  INFO [user-ws,,] 7772 --- [RMI TCP Connection(294)-127.0.0.1] j.LocalContainerEntityManagerFactoryBean : Closing JPA EntityManagerFactory for persistence unit 'default'
2021-07-28 14:36:49.278  INFO [user-ws,,] 7772 --- [RMI TCP Connection(294)-127.0.0.1] com.zaxxer.hikari.HikariDataSource       : updatestudentapi - Shutdown initiated...
2021-07-28 14:36:49.563  INFO [user-ws,,] 7772 --- [RMI TCP Connection(294)-127.0.0.1] com.zaxxer.hikari.HikariDataSource       : updatestudentapi - Shutdown completed.
2021-07-28 14:36:50.856  INFO [user-ws,,] 7772 --- [RMI TCP Connection(294)-127.0.0.1] com.netflix.discovery.DiscoveryClient    : Shutting down DiscoveryClient ...
2021-07-28 14:36:53.865  INFO [user-ws,,] 7772 --- [RMI TCP Connection(294)-127.0.0.1] com.netflix.discovery.DiscoveryClient    : Unregistering ...
2021-07-28 14:36:53.868  INFO [user-ws,,] 7772 --- [RMI TCP Connection(294)-127.0.0.1] com.netflix.discovery.DiscoveryClient    : DiscoveryClient_USER-WS/user-ws:e182d52c11eeee7807bdfdd159d0dfa4 - deregister  status: 200
2021-07-28 14:36:53.927  INFO [user-ws,,] 7772 --- [RMI TCP Connection(294)-127.0.0.1] com.netflix.discovery.DiscoveryClient    : Completed shut down of DiscoveryClient
2021-07-28 14:37:13.125  INFO [user-ws,,] 40811 --- [restartedMain] c.c.c.ConfigServicePropertySourceLocator : Fetching config from server at : http://localhost:8083
2021-07-28 14:37:13.520  INFO [user-ws,,] 40811 --- [restartedMain] c.c.c.ConfigServicePropertySourceLocator : Located environment: name=SpringConfigServer, profiles=[default], label=null, version=null, state=null
2021-07-28 14:37:13.521  INFO [user-ws,,] 40811 --- [restartedMain] b.c.PropertySourceBootstrapConfiguration : Located property source: [BootstrapPropertySource {name='bootstrapProperties-configClient'}, BootstrapPropertySource {name='bootstrapProperties-file:/home/synerzip/Documents/microservices/filebackend/application.properties'}]
2021-07-28 14:37:13.553  INFO [user-ws,,] 40811 --- [restartedMain] c.m.UsersApi.UsersApiApplication         : No active profile set, falling back to default profiles: default
2021-07-28 14:37:17.386  INFO [user-ws,,] 40811 --- [restartedMain] .s.d.r.c.RepositoryConfigurationDelegate : Bootstrapping Spring Data JPA repositories in DEFAULT mode.
2021-07-28 14:37:17.713  INFO [user-ws,,] 40811 --- [restartedMain] .s.d.r.c.RepositoryConfigurationDelegate : Finished Spring Data repository scanning in 314 ms. Found 1 JPA repository interfaces.
2021-07-28 14:37:18.837  INFO [user-ws,,] 40811 --- [restartedMain] o.s.cloud.context.scope.GenericScope     : BeanFactory id=b931de3b-819b-39dd-a638-abb0c72348be
2021-07-28 14:37:18.927  INFO [user-ws,,] 40811 --- [restartedMain] faultConfiguringBeanFactoryPostProcessor : No bean named 'errorChannel' has been explicitly defined. Therefore, a default PublishSubscribeChannel will be created.
2021-07-28 14:37:18.939  INFO [user-ws,,] 40811 --- [restartedMain] faultConfiguringBeanFactoryPostProcessor : No bean named 'integrationHeaderChannelRegistry' has been explicitly defined. Therefore, a default DefaultHeaderChannelRegistry will be created.
2021-07-28 14:37:19.521  INFO [user-ws,,] 40811 --- [restartedMain] trationDelegate$BeanPostProcessorChecker : Bean 'org.springframework.cloud.stream.config.BindersHealthIndicatorAutoConfiguration' of type [org.springframework.cloud.stream.config.BindersHealthIndicatorAutoConfiguration] is not eligible for getting processed by all BeanPostProcessors (for example: not eligible for auto-proxying)
2021-07-28 14:37:19.532  INFO [user-ws,,] 40811 --- [restartedMain] trationDelegate$BeanPostProcessorChecker : Bean 'bindersHealthContributor' of type [org.springframework.cloud.stream.config.BindersHealthIndicatorAutoConfiguration$BindersHealthContributor] is not eligible for getting processed by all BeanPostProcessors (for example: not eligible for auto-proxying)
2021-07-28 14:37:19.570  INFO [user-ws,,] 40811 --- [restartedMain] trationDelegate$BeanPostProcessorChecker : Bean 'bindersHealthIndicatorListener' of type [org.springframework.cloud.stream.config.BindersHealthIndicatorAutoConfiguration$BindersHealthIndicatorListener] is not eligible for getting processed by all BeanPostProcessors (for example: not eligible for auto-proxying)
2021-07-28 14:37:19.654  INFO [user-ws,,] 40811 --- [restartedMain] trationDelegate$BeanPostProcessorChecker : Bean 'org.springframework.integration.config.IntegrationManagementConfiguration' of type [org.springframework.integration.config.IntegrationManagementConfiguration] is not eligible for getting processed by all BeanPostProcessors (for example: not eligible for auto-proxying)
2021-07-28 14:37:19.682  INFO [user-ws,,] 40811 --- [restartedMain] trationDelegate$BeanPostProcessorChecker : Bean 'org.springframework.boot.autoconfigure.integration.IntegrationAutoConfiguration$IntegrationJmxConfiguration' of type [org.springframework.boot.autoconfigure.integration.IntegrationAutoConfiguration$IntegrationJmxConfiguration] is not eligible for getting processed by all BeanPostProcessors (for example: not eligible for auto-proxying)
2021-07-28 14:37:19.715  INFO [user-ws,,] 40811 --- [restartedMain] trationDelegate$BeanPostProcessorChecker : Bean 'org.springframework.boot.autoconfigure.jmx.JmxAutoConfiguration' of type [org.springframework.boot.autoconfigure.jmx.JmxAutoConfiguration] is not eligible for getting processed by all BeanPostProcessors (for example: not eligible for auto-proxying)
2021-07-28 14:37:19.730  INFO [user-ws,,] 40811 --- [restartedMain] trationDelegate$BeanPostProcessorChecker : Bean 'mbeanServer' of type [com.sun.jmx.mbeanserver.JmxMBeanServer] is not eligible for getting processed by all BeanPostProcessors (for example: not eligible for auto-proxying)
2021-07-28 14:37:19.951  INFO [user-ws,,] 40811 --- [restartedMain] trationDelegate$BeanPostProcessorChecker : Bean 'integrationChannelResolver' of type [org.springframework.integration.support.channel.BeanFactoryChannelResolver] is not eligible for getting processed by all BeanPostProcessors (for example: not eligible for auto-proxying)
2021-07-28 14:37:19.971  INFO [user-ws,,] 40811 --- [restartedMain] trationDelegate$BeanPostProcessorChecker : Bean 'integrationDisposableAutoCreatedBeans' of type [org.springframework.integration.config.annotation.Disposables] is not eligible for getting processed by all BeanPostProcessors (for example: not eligible for auto-proxying)
2021-07-28 14:37:21.564  INFO [user-ws,,] 40811 --- [restartedMain] o.s.b.w.embedded.tomcat.TomcatWebServer  : Tomcat initialized with port(s): 0 (http)
2021-07-28 14:37:21.593  INFO [user-ws,,] 40811 --- [restartedMain] o.apache.catalina.core.StandardService   : Starting service [Tomcat]
2021-07-28 14:37:21.594  INFO [user-ws,,] 40811 --- [restartedMain] org.apache.catalina.core.StandardEngine  : Starting Servlet engine: [Apache Tomcat/9.0.48]
2021-07-28 14:37:21.889  INFO [user-ws,,] 40811 --- [restartedMain] o.a.c.c.C.[Tomcat].[localhost].[/]       : Initializing Spring embedded WebApplicationContext
2021-07-28 14:37:21.890  INFO [user-ws,,] 40811 --- [restartedMain] w.s.c.ServletWebServerApplicationContext : Root WebApplicationContext: initialization completed in 8204 ms
2021-07-28 14:37:23.608  WARN [user-ws,,] 40811 --- [restartedMain] o.s.c.s.a.z.ZipkinAutoConfiguration      : Check result of the [RestTemplateSender{http://localhost:9411/api/v2/spans}] contains an error [CheckResult{ok=false, error=org.springframework.web.client.ResourceAccessException: I/O error on POST request for "http://localhost:9411/api/v2/spans": Connection refused; nested exception is java.net.ConnectException: Connection refused}]
2021-07-28 14:37:25.508  INFO [user-ws,,] 40811 --- [restartedMain] o.hibernate.jpa.internal.util.LogHelper  : HHH000204: Processing PersistenceUnitInfo [name: default]
2021-07-28 14:37:25.652  INFO [user-ws,,] 40811 --- [restartedMain] org.hibernate.Version                    : HHH000412: Hibernate ORM core version 5.4.32.Final
2021-07-28 14:37:25.938  INFO [user-ws,,] 40811 --- [restartedMain] o.hibernate.annotations.common.Version   : HCANN000001: Hibernate Commons Annotations {5.1.2.Final}
2021-07-28 14:37:26.180  INFO [user-ws,,] 40811 --- [restartedMain] com.zaxxer.hikari.HikariDataSource       : updatestudentapi - Starting...
2021-07-28 14:37:26.871  INFO [user-ws,,] 40811 --- [restartedMain] com.zaxxer.hikari.HikariDataSource       : updatestudentapi - Start completed.
2021-07-28 14:37:26.899  INFO [user-ws,,] 40811 --- [restartedMain] org.hibernate.dialect.Dialect            : HHH000400: Using dialect: org.hibernate.dialect.MySQL8Dialect
2021-07-28 14:37:30.938  INFO [user-ws,,] 40811 --- [restartedMain] o.h.e.t.j.p.i.JtaPlatformInitiator       : HHH000490: Using JtaPlatform implementation: [org.hibernate.engine.transaction.jta.platform.internal.NoJtaPlatform]
2021-07-28 14:37:30.948  INFO [user-ws,,] 40811 --- [restartedMain] j.LocalContainerEntityManagerFactoryBean : Initialized JPA EntityManagerFactory for persistence unit 'default'
2021-07-28 14:37:31.329  WARN [user-ws,,] 40811 --- [restartedMain] JpaBaseConfiguration$JpaWebConfiguration : spring.jpa.open-in-view is enabled by default. Therefore, database queries may be performed during view rendering. Explicitly configure spring.jpa.open-in-view to disable this warning
2021-07-28 14:37:31.503  WARN [user-ws,,] 40811 --- [restartedMain] o.s.b.d.a.OptionalLiveReloadServer       : Unable to start LiveReload server
2021-07-28 14:37:31.548  WARN [user-ws,,] 40811 --- [restartedMain] o.s.c.openfeign.FeignClientFactoryBean   : The provided URL is empty. Will try picking an instance via load-balancing.
2021-07-28 14:37:33.193  INFO [user-ws,,] 40811 --- [restartedMain] o.s.s.web.DefaultSecurityFilterChain     : Will secure any request with [org.springframework.security.web.context.request.async.WebAsyncManagerIntegrationFilter@196e2af, org.springframework.security.web.context.SecurityContextPersistenceFilter@4a40cbe3, org.springframework.security.web.header.HeaderWriterFilter@1d652500, org.springframework.security.web.authentication.logout.LogoutFilter@702c5143, com.microservices.UsersApi.security.AuthenticationFilter@5d8f9f73, org.springframework.security.web.savedrequest.RequestCacheAwareFilter@771d47c7, org.springframework.security.web.servletapi.SecurityContextHolderAwareRequestFilter@51e588d0, org.springframework.security.web.authentication.AnonymousAuthenticationFilter@309209a0, org.springframework.security.web.session.SessionManagementFilter@5aee9647, org.springframework.security.web.access.ExceptionTranslationFilter@2f93ee10, org.springframework.security.web.access.intercept.FilterSecurityInterceptor@624f01a9]
2021-07-28 14:37:34.363  INFO [user-ws,,] 40811 --- [restartedMain] o.s.c.s.m.DirectWithAttributesChannel    : Channel 'application-1.springCloudBusInput' has 1 subscriber(s).
2021-07-28 14:37:34.816  INFO [user-ws,,] 40811 --- [restartedMain] DiscoveryClientOptionalArgsConfiguration : Eureka HTTP Client uses RestTemplate.
2021-07-28 14:37:35.275  WARN [user-ws,,] 40811 --- [restartedMain] iguration$LoadBalancerCaffeineWarnLogger : Spring Cloud LoadBalancer is currently working with the default cache. You can switch to using Caffeine cache, by adding it and org.springframework.cache.caffeine.CaffeineCacheManager to the classpath.
2021-07-28 14:37:35.367  INFO [user-ws,,] 40811 --- [restartedMain] o.s.b.a.e.web.EndpointLinksResolver      : Exposing 1 endpoint(s) beneath base path '/actuator'
2021-07-28 14:37:35.809  INFO [user-ws,,] 40811 --- [restartedMain] o.s.i.monitor.IntegrationMBeanExporter   : Registering MessageChannel errorChannel
2021-07-28 14:37:35.832  INFO [user-ws,,] 40811 --- [RMI TCP Connection(3)-127.0.0.1] o.a.c.c.C.[Tomcat].[localhost].[/]       : Initializing Spring DispatcherServlet 'dispatcherServlet'
2021-07-28 14:37:35.834  INFO [user-ws,,] 40811 --- [RMI TCP Connection(3)-127.0.0.1] o.s.web.servlet.DispatcherServlet        : Initializing Servlet 'dispatcherServlet'
2021-07-28 14:37:35.840  INFO [user-ws,,] 40811 --- [RMI TCP Connection(3)-127.0.0.1] o.s.web.servlet.DispatcherServlet        : Completed initialization in 6 ms
2021-07-28 14:37:35.917  INFO [user-ws,,] 40811 --- [restartedMain] o.s.i.monitor.IntegrationMBeanExporter   : Registering MessageChannel springCloudBusInput
2021-07-28 14:37:35.968  INFO [user-ws,,] 40811 --- [restartedMain] o.s.i.monitor.IntegrationMBeanExporter   : Registering MessageChannel nullChannel
2021-07-28 14:37:36.017  INFO [user-ws,,] 40811 --- [restartedMain] o.s.i.monitor.IntegrationMBeanExporter   : Registering MessageHandler _org.springframework.integration.errorLogger
2021-07-28 14:37:36.090  INFO [user-ws,,] 40811 --- [restartedMain] o.s.i.endpoint.EventDrivenConsumer       : Adding {logging-channel-adapter:_org.springframework.integration.errorLogger} as a subscriber to the 'errorChannel' channel
2021-07-28 14:37:36.090  INFO [user-ws,,] 40811 --- [restartedMain] o.s.i.channel.PublishSubscribeChannel    : Channel 'application-1.errorChannel' has 1 subscriber(s).
2021-07-28 14:37:36.091  INFO [user-ws,,] 40811 --- [restartedMain] o.s.i.endpoint.EventDrivenConsumer       : started bean '_org.springframework.integration.errorLogger'
2021-07-28 14:37:36.104  INFO [user-ws,,] 40811 --- [restartedMain] o.s.c.s.binder.DefaultBinderFactory      : Creating binder: rabbit
2021-07-28 14:37:36.228  INFO [user-ws,,] 40811 --- [restartedMain] o.s.c.s.binder.DefaultBinderFactory      : Caching the binder: rabbit
2021-07-28 14:37:36.228  INFO [user-ws,,] 40811 --- [restartedMain] o.s.c.s.binder.DefaultBinderFactory      : Retrieving cached binder: rabbit
2021-07-28 14:37:36.377  INFO [user-ws,,] 40811 --- [restartedMain] c.s.b.r.p.RabbitExchangeQueueProvisioner : declaring queue for inbound: springCloudBus.anonymous.2Y5N3BDrSiCNe84f5vDcTA, bound to: springCloudBus
2021-07-28 14:37:36.384  INFO [user-ws,,] 40811 --- [restartedMain] o.s.a.r.c.CachingConnectionFactory       : Attempting to connect to: [localhost:5672]
2021-07-28 14:37:36.509  INFO [user-ws,,] 40811 --- [restartedMain] o.s.a.r.c.CachingConnectionFactory       : Created new connection: rabbitConnectionFactory#11ce331c:0/SimpleConnection@50ecd51e [delegate=amqp://guest@127.0.0.1:5672/, localPort= 51592]
2021-07-28 14:37:36.565  INFO [user-ws,,] 40811 --- [restartedMain] o.s.c.stream.binder.BinderErrorChannel   : Channel 'springCloudBus.anonymous.2Y5N3BDrSiCNe84f5vDcTA.errors' has 1 subscriber(s).
2021-07-28 14:37:36.567  INFO [user-ws,,] 40811 --- [restartedMain] o.s.c.stream.binder.BinderErrorChannel   : Channel 'springCloudBus.anonymous.2Y5N3BDrSiCNe84f5vDcTA.errors' has 2 subscriber(s).
2021-07-28 14:37:36.589  INFO [user-ws,,] 40811 --- [restartedMain] o.s.i.a.i.AmqpInboundChannelAdapter      : started bean 'inbound.springCloudBus.anonymous.2Y5N3BDrSiCNe84f5vDcTA'
2021-07-28 14:37:36.614  INFO [user-ws,,] 40811 --- [restartedMain] o.s.b.w.embedded.tomcat.TomcatWebServer  : Tomcat started on port(s): 36845 (http) with context path ''
2021-07-28 14:37:36.615  INFO [user-ws,,] 40811 --- [restartedMain] .s.c.n.e.s.EurekaAutoServiceRegistration : Updating port to 36845
2021-07-28 14:37:36.623  INFO [user-ws,,] 40811 --- [restartedMain] o.s.c.n.eureka.InstanceInfoFactory       : Setting initial instance status as: STARTING
2021-07-28 14:37:36.697  INFO [user-ws,,] 40811 --- [restartedMain] com.netflix.discovery.DiscoveryClient    : Initializing Eureka in region us-east-1
2021-07-28 14:37:36.704  INFO [user-ws,,] 40811 --- [restartedMain] c.n.d.s.r.aws.ConfigClusterResolver      : Resolving eureka endpoints via configuration
2021-07-28 14:37:36.734  INFO [user-ws,,] 40811 --- [restartedMain] com.netflix.discovery.DiscoveryClient    : Disable delta property : false
2021-07-28 14:37:36.735  INFO [user-ws,,] 40811 --- [restartedMain] com.netflix.discovery.DiscoveryClient    : Single vip registry refresh property : null
2021-07-28 14:37:36.735  INFO [user-ws,,] 40811 --- [restartedMain] com.netflix.discovery.DiscoveryClient    : Force full registry fetch : false
2021-07-28 14:37:36.735  INFO [user-ws,,] 40811 --- [restartedMain] com.netflix.discovery.DiscoveryClient    : Application is null : false
2021-07-28 14:37:36.735  INFO [user-ws,,] 40811 --- [restartedMain] com.netflix.discovery.DiscoveryClient    : Registered Applications size is zero : true
2021-07-28 14:37:36.735  INFO [user-ws,,] 40811 --- [restartedMain] com.netflix.discovery.DiscoveryClient    : Application version is -1: true
2021-07-28 14:37:36.735  INFO [user-ws,,] 40811 --- [restartedMain] com.netflix.discovery.DiscoveryClient    : Getting all instance registry info from the eureka server
2021-07-28 14:37:36.926  INFO [user-ws,,] 40811 --- [restartedMain] com.netflix.discovery.DiscoveryClient    : The response status is 200
2021-07-28 14:37:36.932  INFO [user-ws,,] 40811 --- [restartedMain] com.netflix.discovery.DiscoveryClient    : Starting heartbeat executor: renew interval is: 30
2021-07-28 14:37:36.938  INFO [user-ws,,] 40811 --- [restartedMain] c.n.discovery.InstanceInfoReplicator     : InstanceInfoReplicator onDemand update allowed rate per min is 4
2021-07-28 14:37:36.951  INFO [user-ws,,] 40811 --- [restartedMain] com.netflix.discovery.DiscoveryClient    : Discovery Client initialized at timestamp 1627463256950 with initial instances count: 2
2021-07-28 14:37:36.962  INFO [user-ws,,] 40811 --- [restartedMain] o.s.c.n.e.s.EurekaServiceRegistry        : Registering application USER-WS with eureka with status UP
2021-07-28 14:37:36.962  INFO [user-ws,,] 40811 --- [restartedMain] com.netflix.discovery.DiscoveryClient    : Saw local status change event StatusChangeEvent [timestamp=1627463256962, current=UP, previous=STARTING]
2021-07-28 14:37:36.964  INFO [user-ws,,] 40811 --- [DiscoveryClient-InstanceInfoReplicator-0] com.netflix.discovery.DiscoveryClient    : DiscoveryClient_USER-WS/user-ws:7d54b7ffe413982bbec9ec45fd4384e8: registering service...
2021-07-28 14:37:36.991  INFO [user-ws,,] 40811 --- [DiscoveryClient-InstanceInfoReplicator-0] com.netflix.discovery.DiscoveryClient    : DiscoveryClient_USER-WS/user-ws:7d54b7ffe413982bbec9ec45fd4384e8 - registration status: 204
2021-07-28 14:37:37.024  INFO [user-ws,,] 40811 --- [restartedMain] o.s.i.monitor.IntegrationMBeanExporter   : Registering MessageChannel springCloudBus.anonymous.2Y5N3BDrSiCNe84f5vDcTA.errors
2021-07-28 14:37:37.087  INFO [user-ws,,] 40811 --- [restartedMain] c.m.UsersApi.UsersApiApplication         : Started UsersApiApplication in 26.334 seconds (JVM running for 28.107)
2021-07-28 14:40:31.020  WARN [user-ws,,] 40811 --- [AsyncReporter{RestTemplateSender{http://localhost:9411/api/v2/spans}}] z.r.AsyncReporter$BoundedAsyncReporter   : Spans were dropped due to exceptions. All subsequent errors will be logged at FINE level.
2021-07-28 14:40:31.135  WARN [user-ws,,] 40811 --- [AsyncReporter{RestTemplateSender{http://localhost:9411/api/v2/spans}}] z.r.AsyncReporter$BoundedAsyncReporter   : Dropped 1 spans due to ResourceAccessException(I/O error on POST request for "http://localhost:9411/api/v2/spans": Connection refused; nested exception is java.net.ConnectException: Connection refused)

org.springframework.web.client.ResourceAccessException: I/O error on POST request for "http://localhost:9411/api/v2/spans": Connection refused; nested exception is java.net.ConnectException: Connection refused
	at org.springframework.web.client.RestTemplate.doExecute(RestTemplate.java:785) ~[spring-web-5.3.8.jar:5.3.8]
	at org.springframework.cloud.sleuth.zipkin2.ZipkinRestTemplateWrapper.doExecute(ZipkinRestTemplateWrapper.java:69) ~[spring-cloud-sleuth-zipkin-3.0.3.jar:3.0.3]
	at org.springframework.web.client.RestTemplate.exchange(RestTemplate.java:660) ~[spring-web-5.3.8.jar:5.3.8]
	at org.springframework.cloud.sleuth.zipkin2.RestTemplateSender.post(RestTemplateSender.java:151) ~[spring-cloud-sleuth-zipkin-3.0.3.jar:3.0.3]
	at org.springframework.cloud.sleuth.zipkin2.RestTemplateSender$HttpPostCall.doExecute(RestTemplateSender.java:169) ~[spring-cloud-sleuth-zipkin-3.0.3.jar:3.0.3]
	at org.springframework.cloud.sleuth.zipkin2.RestTemplateSender$HttpPostCall.doExecute(RestTemplateSender.java:159) ~[spring-cloud-sleuth-zipkin-3.0.3.jar:3.0.3]
	at zipkin2.Call$Base.execute(Call.java:391) ~[zipkin-2.23.0.jar:na]
	at zipkin2.reporter.AsyncReporter$BoundedAsyncReporter.flush(AsyncReporter.java:299) ~[zipkin-reporter-2.16.1.jar:na]
	at zipkin2.reporter.AsyncReporter$Flusher.run(AsyncReporter.java:378) ~[zipkin-reporter-2.16.1.jar:na]
	at java.base/java.lang.Thread.run(Thread.java:831) ~[na:na]
Caused by: java.net.ConnectException: Connection refused
	at java.base/sun.nio.ch.Net.pollConnect(Native Method) ~[na:na]
	at java.base/sun.nio.ch.Net.pollConnectNow(Net.java:669) ~[na:na]
	at java.base/sun.nio.ch.NioSocketImpl.timedFinishConnect(NioSocketImpl.java:542) ~[na:na]
	at java.base/sun.nio.ch.NioSocketImpl.connect(NioSocketImpl.java:597) ~[na:na]
	at java.base/java.net.Socket.connect(Socket.java:645) ~[na:na]
	at java.base/sun.net.NetworkClient.doConnect(NetworkClient.java:177) ~[na:na]
	at java.base/sun.net.www.http.HttpClient.openServer(HttpClient.java:497) ~[na:na]
	at java.base/sun.net.www.http.HttpClient.openServer(HttpClient.java:600) ~[na:na]
	at java.base/sun.net.www.http.HttpClient.<init>(HttpClient.java:246) ~[na:na]
	at java.base/sun.net.www.http.HttpClient.New(HttpClient.java:351) ~[na:na]
	at java.base/sun.net.www.http.HttpClient.New(HttpClient.java:372) ~[na:na]
	at java.base/sun.net.www.protocol.http.HttpURLConnection.getNewHttpClient(HttpURLConnection.java:1299) ~[na:na]
	at java.base/sun.net.www.protocol.http.HttpURLConnection.plainConnect0(HttpURLConnection.java:1232) ~[na:na]
	at java.base/sun.net.www.protocol.http.HttpURLConnection.plainConnect(HttpURLConnection.java:1120) ~[na:na]
	at java.base/sun.net.www.protocol.http.HttpURLConnection.connect(HttpURLConnection.java:1051) ~[na:na]
	at org.springframework.http.client.SimpleBufferingClientHttpRequest.executeInternal(SimpleBufferingClientHttpRequest.java:76) ~[spring-web-5.3.8.jar:5.3.8]
	at org.springframework.http.client.AbstractBufferingClientHttpRequest.executeInternal(AbstractBufferingClientHttpRequest.java:48) ~[spring-web-5.3.8.jar:5.3.8]
	at org.springframework.http.client.AbstractClientHttpRequest.execute(AbstractClientHttpRequest.java:66) ~[spring-web-5.3.8.jar:5.3.8]
	at org.springframework.web.client.RestTemplate.doExecute(RestTemplate.java:776) ~[spring-web-5.3.8.jar:5.3.8]
	... 9 common frames omitted

2021-07-28 14:40:57.183  INFO [user-ws,bd14ae8c7605442d,bd14ae8c7605442d] 40811 --- [http-nio-auto-1-exec-2] c.m.U.serviceImpl.UserServicesImpl       : Before calling posts microservice
2021-07-28 14:40:57.346 DEBUG [user-ws,bd14ae8c7605442d,bd14ae8c7605442d] 40811 --- [http-nio-auto-1-exec-2] c.m.UsersApi.feign.PostFeignClient       : [PostFeignClient#getPosts] ---> GET http://posts-ws/users/311974ea-ab71-4c27-bd95-dc142a43a0cb/posts HTTP/1.1
2021-07-28 14:40:57.346 DEBUG [user-ws,bd14ae8c7605442d,bd14ae8c7605442d] 40811 --- [http-nio-auto-1-exec-2] c.m.UsersApi.feign.PostFeignClient       : [PostFeignClient#getPosts] ---> END HTTP (0-byte body)
2021-07-28 14:40:59.051 DEBUG [user-ws,bd14ae8c7605442d,bd14ae8c7605442d] 40811 --- [http-nio-auto-1-exec-2] c.m.UsersApi.feign.PostFeignClient       : [PostFeignClient#getPosts] <--- HTTP/1.1 200 (1704ms)
2021-07-28 14:40:59.052 DEBUG [user-ws,bd14ae8c7605442d,bd14ae8c7605442d] 40811 --- [http-nio-auto-1-exec-2] c.m.UsersApi.feign.PostFeignClient       : [PostFeignClient#getPosts] connection: keep-alive
2021-07-28 14:40:59.052 DEBUG [user-ws,bd14ae8c7605442d,bd14ae8c7605442d] 40811 --- [http-nio-auto-1-exec-2] c.m.UsersApi.feign.PostFeignClient       : [PostFeignClient#getPosts] content-type: application/json
2021-07-28 14:40:59.052 DEBUG [user-ws,bd14ae8c7605442d,bd14ae8c7605442d] 40811 --- [http-nio-auto-1-exec-2] c.m.UsersApi.feign.PostFeignClient       : [PostFeignClient#getPosts] date: Wed, 28 Jul 2021 09:10:59 GMT
2021-07-28 14:40:59.052 DEBUG [user-ws,bd14ae8c7605442d,bd14ae8c7605442d] 40811 --- [http-nio-auto-1-exec-2] c.m.UsersApi.feign.PostFeignClient       : [PostFeignClient#getPosts] keep-alive: timeout=60
2021-07-28 14:40:59.052 DEBUG [user-ws,bd14ae8c7605442d,bd14ae8c7605442d] 40811 --- [http-nio-auto-1-exec-2] c.m.UsersApi.feign.PostFeignClient       : [PostFeignClient#getPosts] transfer-encoding: chunked
2021-07-28 14:40:59.053 DEBUG [user-ws,bd14ae8c7605442d,bd14ae8c7605442d] 40811 --- [http-nio-auto-1-exec-2] c.m.UsersApi.feign.PostFeignClient       : [PostFeignClient#getPosts] 
2021-07-28 14:40:59.066 DEBUG [user-ws,bd14ae8c7605442d,bd14ae8c7605442d] 40811 --- [http-nio-auto-1-exec-2] c.m.UsersApi.feign.PostFeignClient       : [PostFeignClient#getPosts] [{"postId":"6a8b4288-b5ef-40fc-ab7b-3fafbaca04de","userId":"311974ea-ab71-4c27-bd95-dc142a43a0cb","postTitle":"Demo post 1","postDescription":"This is the first demo post","postDate":"2021-07-28T09:10:58.957+00:00"},{"postId":"6318f49f-0b2c-4290-bcf8-f4d868b49344","userId":"311974ea-ab71-4c27-bd95-dc142a43a0cb","postTitle":"Demo post 2","postDescription":"This is second demo post","postDate":"2021-07-28T09:10:58.957+00:00"}]
2021-07-28 14:40:59.067 DEBUG [user-ws,bd14ae8c7605442d,bd14ae8c7605442d] 40811 --- [http-nio-auto-1-exec-2] c.m.UsersApi.feign.PostFeignClient       : [PostFeignClient#getPosts] <--- END HTTP (428-byte body)
2021-07-28 14:40:59.079  INFO [user-ws,bd14ae8c7605442d,bd14ae8c7605442d] 40811 --- [http-nio-auto-1-exec-2] c.m.U.serviceImpl.UserServicesImpl       : After calling posts microservice
2021-07-28 14:42:36.739  INFO [user-ws,,] 40811 --- [AsyncResolver-bootstrap-executor-0] c.n.d.s.r.aws.ConfigClusterResolver      : Resolving eureka endpoints via configuration
2021-07-28 14:46:28.510  INFO [user-ws,,] 40811 --- [RMI TCP Connection(21)-127.0.0.1] inMXBeanRegistrar$SpringApplicationAdmin : Application shutdown requested.
2021-07-28 14:46:28.536  INFO [user-ws,,] 40811 --- [RMI TCP Connection(21)-127.0.0.1] o.s.c.n.e.s.EurekaServiceRegistry        : Unregistering application USER-WS with eureka with status DOWN
2021-07-28 14:46:28.537  INFO [user-ws,,] 40811 --- [RMI TCP Connection(21)-127.0.0.1] com.netflix.discovery.DiscoveryClient    : Saw local status change event StatusChangeEvent [timestamp=1627463788536, current=DOWN, previous=UP]
2021-07-28 14:46:28.544  INFO [user-ws,,] 40811 --- [DiscoveryClient-InstanceInfoReplicator-0] com.netflix.discovery.DiscoveryClient    : DiscoveryClient_USER-WS/user-ws:7d54b7ffe413982bbec9ec45fd4384e8: registering service...
2021-07-28 14:46:28.550  INFO [user-ws,,] 40811 --- [DiscoveryClient-InstanceInfoReplicator-0] com.netflix.discovery.DiscoveryClient    : DiscoveryClient_USER-WS/user-ws:7d54b7ffe413982bbec9ec45fd4384e8 - registration status: 204
2021-07-28 14:46:28.555  INFO [user-ws,,] 40811 --- [RMI TCP Connection(21)-127.0.0.1] o.apache.catalina.core.StandardService   : Stopping service [Tomcat]
2021-07-28 14:46:28.557  INFO [user-ws,,] 40811 --- [RMI TCP Connection(21)-127.0.0.1] o.a.c.c.C.[Tomcat].[localhost].[/]       : Destroying Spring FrameworkServlet 'dispatcherServlet'
2021-07-28 14:46:28.564  WARN [user-ws,,] 40811 --- [RMI TCP Connection(21)-127.0.0.1] o.a.c.loader.WebappClassLoaderBase       : The web application [ROOT] appears to have started a thread named [spring.cloud.inetutils] but has failed to stop it. This is very likely to create a memory leak. Stack trace of thread:
 java.base@16.0.1/jdk.internal.misc.Unsafe.park(Native Method)
 java.base@16.0.1/java.util.concurrent.locks.LockSupport.park(LockSupport.java:341)
 java.base@16.0.1/java.util.concurrent.locks.AbstractQueuedSynchronizer$ConditionNode.block(AbstractQueuedSynchronizer.java:505)
 java.base@16.0.1/java.util.concurrent.ForkJoinPool.managedBlock(ForkJoinPool.java:3137)
 java.base@16.0.1/java.util.concurrent.locks.AbstractQueuedSynchronizer$ConditionObject.await(AbstractQueuedSynchronizer.java:1614)
 java.base@16.0.1/java.util.concurrent.LinkedBlockingQueue.take(LinkedBlockingQueue.java:435)
 java.base@16.0.1/java.util.concurrent.ThreadPoolExecutor.getTask(ThreadPoolExecutor.java:1056)
 java.base@16.0.1/java.util.concurrent.ThreadPoolExecutor.runWorker(ThreadPoolExecutor.java:1116)
 java.base@16.0.1/java.util.concurrent.ThreadPoolExecutor$Worker.run(ThreadPoolExecutor.java:630)
 java.base@16.0.1/java.lang.Thread.run(Thread.java:831)
2021-07-28 14:46:28.565  WARN [user-ws,,] 40811 --- [RMI TCP Connection(21)-127.0.0.1] o.a.c.loader.WebappClassLoaderBase       : The web application [ROOT] appears to have started a thread named [AsyncReporter{RestTemplateSender{http://localhost:9411/api/v2/spans}}] but has failed to stop it. This is very likely to create a memory leak. Stack trace of thread:
 java.base@16.0.1/jdk.internal.misc.Unsafe.park(Native Method)
 java.base@16.0.1/java.util.concurrent.locks.LockSupport.parkNanos(LockSupport.java:252)
 java.base@16.0.1/java.util.concurrent.locks.AbstractQueuedSynchronizer$ConditionObject.awaitNanos(AbstractQueuedSynchronizer.java:1661)
 app//zipkin2.reporter.ByteBoundedQueue.drainTo(ByteBoundedQueue.java:81)
 app//zipkin2.reporter.AsyncReporter$BoundedAsyncReporter.flush(AsyncReporter.java:270)
 app//zipkin2.reporter.AsyncReporter$Flusher.run(AsyncReporter.java:378)
 java.base@16.0.1/java.lang.Thread.run(Thread.java:831)
2021-07-28 14:46:28.566  WARN [user-ws,,] 40811 --- [RMI TCP Connection(21)-127.0.0.1] o.a.c.loader.WebappClassLoaderBase       : The web application [ROOT] appears to have started a thread named [boundedElastic-evictor-1] but has failed to stop it. This is very likely to create a memory leak. Stack trace of thread:
 java.base@16.0.1/jdk.internal.misc.Unsafe.park(Native Method)
 java.base@16.0.1/java.util.concurrent.locks.LockSupport.parkNanos(LockSupport.java:252)
 java.base@16.0.1/java.util.concurrent.locks.AbstractQueuedSynchronizer$ConditionObject.awaitNanos(AbstractQueuedSynchronizer.java:1661)
 java.base@16.0.1/java.util.concurrent.ScheduledThreadPoolExecutor$DelayedWorkQueue.take(ScheduledThreadPoolExecutor.java:1182)
 java.base@16.0.1/java.util.concurrent.ScheduledThreadPoolExecutor$DelayedWorkQueue.take(ScheduledThreadPoolExecutor.java:899)
 java.base@16.0.1/java.util.concurrent.ThreadPoolExecutor.getTask(ThreadPoolExecutor.java:1056)
 java.base@16.0.1/java.util.concurrent.ThreadPoolExecutor.runWorker(ThreadPoolExecutor.java:1116)
 java.base@16.0.1/java.util.concurrent.ThreadPoolExecutor$Worker.run(ThreadPoolExecutor.java:630)
 java.base@16.0.1/java.lang.Thread.run(Thread.java:831)
2021-07-28 14:46:28.574  WARN [user-ws,,] 40811 --- [RMI TCP Connection(21)-127.0.0.1] o.a.c.loader.WebappClassLoaderBase       : The web application [ROOT] appears to have started a thread named [parallel-1] but has failed to stop it. This is very likely to create a memory leak. Stack trace of thread:
 java.base@16.0.1/jdk.internal.misc.Unsafe.park(Native Method)
 java.base@16.0.1/java.util.concurrent.locks.LockSupport.park(LockSupport.java:341)
 java.base@16.0.1/java.util.concurrent.locks.AbstractQueuedSynchronizer$ConditionNode.block(AbstractQueuedSynchronizer.java:505)
 java.base@16.0.1/java.util.concurrent.ForkJoinPool.managedBlock(ForkJoinPool.java:3137)
 java.base@16.0.1/java.util.concurrent.locks.AbstractQueuedSynchronizer$ConditionObject.await(AbstractQueuedSynchronizer.java:1614)
 java.base@16.0.1/java.util.concurrent.ScheduledThreadPoolExecutor$DelayedWorkQueue.take(ScheduledThreadPoolExecutor.java:1170)
 java.base@16.0.1/java.util.concurrent.ScheduledThreadPoolExecutor$DelayedWorkQueue.take(ScheduledThreadPoolExecutor.java:899)
 java.base@16.0.1/java.util.concurrent.ThreadPoolExecutor.getTask(ThreadPoolExecutor.java:1056)
 java.base@16.0.1/java.util.concurrent.ThreadPoolExecutor.runWorker(ThreadPoolExecutor.java:1116)
 java.base@16.0.1/java.util.concurrent.ThreadPoolExecutor$Worker.run(ThreadPoolExecutor.java:630)
 java.base@16.0.1/java.lang.Thread.run(Thread.java:831)
2021-07-28 14:46:28.575  WARN [user-ws,,] 40811 --- [RMI TCP Connection(21)-127.0.0.1] o.a.c.loader.WebappClassLoaderBase       : The web application [ROOT] appears to have started a thread named [pool-13-thread-1] but has failed to stop it. This is very likely to create a memory leak. Stack trace of thread:
 java.base@16.0.1/jdk.internal.misc.Unsafe.park(Native Method)
 java.base@16.0.1/java.util.concurrent.locks.LockSupport.park(LockSupport.java:341)
 java.base@16.0.1/java.util.concurrent.locks.AbstractQueuedSynchronizer$ConditionNode.block(AbstractQueuedSynchronizer.java:505)
 java.base@16.0.1/java.util.concurrent.ForkJoinPool.managedBlock(ForkJoinPool.java:3137)
 java.base@16.0.1/java.util.concurrent.locks.AbstractQueuedSynchronizer$ConditionObject.await(AbstractQueuedSynchronizer.java:1614)
 java.base@16.0.1/java.util.concurrent.ScheduledThreadPoolExecutor$DelayedWorkQueue.take(ScheduledThreadPoolExecutor.java:1170)
 java.base@16.0.1/java.util.concurrent.ScheduledThreadPoolExecutor$DelayedWorkQueue.take(ScheduledThreadPoolExecutor.java:899)
 java.base@16.0.1/java.util.concurrent.ThreadPoolExecutor.getTask(ThreadPoolExecutor.java:1056)
 java.base@16.0.1/java.util.concurrent.ThreadPoolExecutor.runWorker(ThreadPoolExecutor.java:1116)
 java.base@16.0.1/java.util.concurrent.ThreadPoolExecutor$Worker.run(ThreadPoolExecutor.java:630)
 java.base@16.0.1/java.lang.Thread.run(Thread.java:831)
2021-07-28 14:46:28.666  INFO [user-ws,,] 40811 --- [RMI TCP Connection(21)-127.0.0.1] o.s.a.r.l.SimpleMessageListenerContainer : Waiting for workers to finish.
2021-07-28 14:46:28.772  INFO [user-ws,,] 40811 --- [RMI TCP Connection(21)-127.0.0.1] o.s.a.r.l.SimpleMessageListenerContainer : Successfully waited for workers to finish.
2021-07-28 14:46:28.772  INFO [user-ws,,] 40811 --- [RMI TCP Connection(21)-127.0.0.1] o.s.i.a.i.AmqpInboundChannelAdapter      : stopped bean 'inbound.springCloudBus.anonymous.2Y5N3BDrSiCNe84f5vDcTA'
2021-07-28 14:46:28.794  INFO [user-ws,,] 40811 --- [RMI TCP Connection(21)-127.0.0.1] o.s.c.stream.binder.BinderErrorChannel   : Channel 'application-1.springCloudBus.anonymous.2Y5N3BDrSiCNe84f5vDcTA.errors' has 1 subscriber(s).
2021-07-28 14:46:28.796  INFO [user-ws,,] 40811 --- [RMI TCP Connection(21)-127.0.0.1] o.s.c.stream.binder.BinderErrorChannel   : Channel 'application-1.springCloudBus.anonymous.2Y5N3BDrSiCNe84f5vDcTA.errors' has 0 subscriber(s).
2021-07-28 14:46:28.800  INFO [user-ws,,] 40811 --- [RMI TCP Connection(21)-127.0.0.1] o.s.i.endpoint.EventDrivenConsumer       : Removing {logging-channel-adapter:_org.springframework.integration.errorLogger} as a subscriber to the 'errorChannel' channel
2021-07-28 14:46:28.801  INFO [user-ws,,] 40811 --- [RMI TCP Connection(21)-127.0.0.1] o.s.i.channel.PublishSubscribeChannel    : Channel 'application-1.errorChannel' has 0 subscriber(s).
2021-07-28 14:46:28.801  INFO [user-ws,,] 40811 --- [RMI TCP Connection(21)-127.0.0.1] o.s.i.endpoint.EventDrivenConsumer       : stopped bean '_org.springframework.integration.errorLogger'
2021-07-28 14:46:28.842  INFO [user-ws,,] 40811 --- [RMI TCP Connection(21)-127.0.0.1] j.LocalContainerEntityManagerFactoryBean : Closing JPA EntityManagerFactory for persistence unit 'default'
2021-07-28 14:46:28.854  INFO [user-ws,,] 40811 --- [RMI TCP Connection(21)-127.0.0.1] com.zaxxer.hikari.HikariDataSource       : updatestudentapi - Shutdown initiated...
2021-07-28 14:46:28.886  INFO [user-ws,,] 40811 --- [RMI TCP Connection(21)-127.0.0.1] com.zaxxer.hikari.HikariDataSource       : updatestudentapi - Shutdown completed.
2021-07-28 14:46:29.188  INFO [user-ws,,] 40811 --- [RMI TCP Connection(21)-127.0.0.1] com.netflix.discovery.DiscoveryClient    : Shutting down DiscoveryClient ...
2021-07-28 14:46:32.208  INFO [user-ws,,] 40811 --- [RMI TCP Connection(21)-127.0.0.1] com.netflix.discovery.DiscoveryClient    : Unregistering ...
2021-07-28 14:46:32.215  INFO [user-ws,,] 40811 --- [RMI TCP Connection(21)-127.0.0.1] com.netflix.discovery.DiscoveryClient    : DiscoveryClient_USER-WS/user-ws:7d54b7ffe413982bbec9ec45fd4384e8 - deregister  status: 200
2021-07-28 14:46:32.318  INFO [user-ws,,] 40811 --- [RMI TCP Connection(21)-127.0.0.1] com.netflix.discovery.DiscoveryClient    : Completed shut down of DiscoveryClient
